[NX Daemon Server] - 2024-09-23T22:45:39.387Z - Started listening on: /var/folders/gs/n9b3ng5d4m727qn3hkw9ddx1z6n5cf/T/d868354178c584b49298/d.sock
[NX Daemon Server] - 2024-09-23T22:45:39.389Z - [WATCHER]: Subscribed to changes within: /Users/e88654/Desktop/AppsG/dcp-monorepo (native)
node:events:495
      throw er; // Unhandled 'error' event
      ^

Error: listen EADDRINUSE: address already in use /var/folders/gs/n9b3ng5d4m727qn3hkw9ddx1z6n5cf/T/d868354178c584b49298/d.sock
    at Server.setupListenHandle [as _listen2] (node:net:1800:21)
    at listenInCluster (node:net:1865:12)
    at Server.listen (node:net:1964:5)
    at /Users/e88654/Desktop/AppsG/dcp-monorepo/node_modules/nx/src/daemon/server/server.js:279:20
    at new Promise (<anonymous>)
    at startServer (/Users/e88654/Desktop/AppsG/dcp-monorepo/node_modules/nx/src/daemon/server/server.js:277:12)
    at async /Users/e88654/Desktop/AppsG/dcp-monorepo/node_modules/nx/src/daemon/server/start.js:8:9
Emitted 'error' event on Server instance at:
    at emitErrorNT (node:net:1844:8)
    at process.processTicksAndRejections (node:internal/process/task_queues:82:21) {
  code: 'EADDRINUSE',
  errno: -48,
  syscall: 'listen',
  address: '/var/folders/gs/n9b3ng5d4m727qn3hkw9ddx1z6n5cf/T/d868354178c584b49298/d.sock',
  port: -1
}

Node.js v18.19.1
[NX Daemon Server] - 2024-09-23T22:45:39.395Z - Established a connection. Number of open connections: 1
[NX Daemon Server] - 2024-09-23T22:45:39.395Z - Established a connection. Number of open connections: 2
[NX Daemon Server] - 2024-09-23T22:45:39.395Z - Established a connection. Number of open connections: 3
[NX Daemon Server] - 2024-09-23T22:45:39.396Z - Closed a connection. Number of open connections: 2
[NX Daemon Server] - 2024-09-23T22:45:39.396Z - Established a connection. Number of open connections: 3
[NX Daemon Server] - 2024-09-23T22:45:39.397Z - [REQUEST]: Client Request for Project Graph Received
[NX Daemon Server] - 2024-09-23T22:45:39.411Z - [REQUEST]: Updated workspace context based on watched changes, recomputing project graph...
[NX Daemon Server] - 2024-09-23T22:45:39.411Z - [REQUEST]: 
[NX Daemon Server] - 2024-09-23T22:45:39.411Z - [REQUEST]: 
[NX Daemon Server] - 2024-09-23T22:45:39.643Z - Time taken for 'hash changed files from watcher' 13.330125033855438ms
[NX Daemon Server] - 2024-09-23T22:45:39.643Z - Closed a connection. Number of open connections: 2
[NX Daemon Server] - 2024-09-23T22:45:39.645Z - [REQUEST]: Client Request for Project Graph Received

 NX   @nxtensions/astro is a v1 plugin.

Nx has recently released a v2 model for project graph plugins. The `processProjectGraph` method is deprecated. Plugins should use some combination of `createNodes` and `createDependencies` instead.

[NX Daemon Server] - 2024-09-23T22:45:40.044Z - Time taken for 'build-project-configs' 421.6537500023842ms
[NX Daemon Server] - 2024-09-23T22:45:40.614Z - [REQUEST]: Responding to the client. project-graph
[NX Daemon Server] - 2024-09-23T22:45:40.616Z - [REQUEST]: Responding to the client. project-graph
[NX Daemon Server] - 2024-09-23T22:45:40.617Z - Time taken for 'total for creating and serializing project graph' 968.6759999990463ms
[NX Daemon Server] - 2024-09-23T22:45:40.620Z - Done responding to the client project-graph
[NX Daemon Server] - 2024-09-23T22:45:40.620Z - Handled REQUEST_PROJECT_GRAPH. Handling time: 971. Response time: 4.
[NX Daemon Server] - 2024-09-23T22:45:40.620Z - Done responding to the client project-graph
[NX Daemon Server] - 2024-09-23T22:45:40.620Z - Handled REQUEST_PROJECT_GRAPH. Handling time: 1217. Response time: 6.
[NX Daemon Server] - 2024-09-23T22:45:40.624Z - Closed a connection. Number of open connections: 1
[NX Daemon Server] - 2024-09-23T22:45:40.624Z - Closed a connection. Number of open connections: 0
[NX Daemon Server] - 2024-09-23T22:45:40.959Z - Established a connection. Number of open connections: 1
[NX Daemon Server] - 2024-09-23T22:45:40.959Z - Closed a connection. Number of open connections: 0
[NX Daemon Server] - 2024-09-23T22:45:40.959Z - Established a connection. Number of open connections: 1
[NX Daemon Server] - 2024-09-23T22:45:40.960Z - [REQUEST]: Client Request for Project Graph Received
[NX Daemon Server] - 2024-09-23T22:45:40.963Z - [REQUEST]: Responding to the client. project-graph
[NX Daemon Server] - 2024-09-23T22:45:40.983Z - Time taken for 'total for creating and serializing project graph' 3.007082998752594ms
[NX Daemon Server] - 2024-09-23T22:45:41.012Z - Done responding to the client project-graph
[NX Daemon Server] - 2024-09-23T22:45:41.012Z - Handled REQUEST_PROJECT_GRAPH. Handling time: 3. Response time: 49.
[NX Daemon Server] - 2024-09-23T22:45:41.016Z - [REQUEST]: Responding to the client. handleRequestFileData
[NX Daemon Server] - 2024-09-23T22:45:41.016Z - Done responding to the client handleRequestFileData
[NX Daemon Server] - 2024-09-23T22:45:41.016Z - Handled REQUEST_FILE_DATA. Handling time: 1. Response time: 0.
[NX Daemon Server] - 2024-09-23T22:45:41.017Z - Closed a connection. Number of open connections: 0
[NX Daemon Server] - 2024-09-23T22:45:41.141Z - Established a connection. Number of open connections: 1
[NX Daemon Server] - 2024-09-23T22:45:41.141Z - Established a connection. Number of open connections: 2
[NX Daemon Server] - 2024-09-23T22:45:41.141Z - Closed a connection. Number of open connections: 1
[NX Daemon Server] - 2024-09-23T22:45:41.141Z - [REQUEST]: Client Request for Project Graph Received
[NX Daemon Server] - 2024-09-23T22:45:41.142Z - [REQUEST]: Responding to the client. project-graph
[NX Daemon Server] - 2024-09-23T22:45:41.143Z - Time taken for 'total for creating and serializing project graph' 0.06266701221466064ms
[NX Daemon Server] - 2024-09-23T22:45:41.144Z - Done responding to the client project-graph
[NX Daemon Server] - 2024-09-23T22:45:41.144Z - Handled REQUEST_PROJECT_GRAPH. Handling time: 1. Response time: 2.
[NX Daemon Server] - 2024-09-23T22:45:41.146Z - [REQUEST]: Client Request for Project Graph Received
[NX Daemon Server] - 2024-09-23T22:45:41.147Z - [REQUEST]: Responding to the client. project-graph
[NX Daemon Server] - 2024-09-23T22:45:41.148Z - Time taken for 'total for creating and serializing project graph' 0.09195899963378906ms
[NX Daemon Server] - 2024-09-23T22:45:41.150Z - Done responding to the client project-graph
[NX Daemon Server] - 2024-09-23T22:45:41.151Z - Handled REQUEST_PROJECT_GRAPH. Handling time: 1. Response time: 4.
[NX Daemon Server] - 2024-09-23T22:45:41.153Z - Established a connection. Number of open connections: 2
